<?xml version="1.0" encoding="UTF-8"?>
<testsuite xmlns:xsi="http://www.w3.org/2001/XMLSchema-instance" xsi:noNamespaceSchemaLocation="https://maven.apache.org/surefire/maven-surefire-plugin/xsd/surefire-test-report.xsd" version="3.0.2" name="com.example.jasperrepo.JasperRepoApplicationTests" time="4.126" tests="1" errors="0" skipped="0" failures="0">
  <properties>
[...]
</properties>
  <testcase name="contextLoads" classname="com.example.jasperrepo.JasperRepoApplicationTests" time="1.168">
    <system-out><![CDATA[21:11:22.415 [main] INFO org.springframework.test.context.support.AnnotationConfigContextLoaderUtils -- Could not detect default configuration classes for test class [com.example.jasperrepo.JasperRepoApplicationTests]: JasperRepoApplicationTests does not declare any static, non-private, non-final, nested classes annotated with @Configuration.
21:11:22.583 [main] INFO org.springframework.boot.test.context.SpringBootTestContextBootstrapper -- Found @SpringBootConfiguration com.example.jasperrepo.JasperRepoApplication for test class com.example.jasperrepo.JasperRepoApplicationTests
21:11:22.817 [main] INFO org.springframework.boot.devtools.restart.RestartApplicationListener -- Restart disabled due to context in which it is running

  .   ____          _            __ _ _
 /\\ / ___'_ __ _ _(_)_ __  __ _ \ \ \ \
( ( )\___ | '_ | '_| | '_ \/ _` | \ \ \ \
 \\/  ___)| |_)| | | | | || (_| |  ) ) ) )
  '  |____| .__|_| |_|_| |_\__, | / / / /
 =========|_|==============|___/=/_/_/_/

 :: Spring Boot ::                (v3.4.0)

2024-12-19T21:11:23.360+05:00  INFO 10524 --- [jasper-repo] [           main] c.e.j.JasperRepoApplicationTests         : Starting JasperRepoApplicationTests using Java 22.0.2 with PID 10524 (started by Arystanbek in C:\Users\Asus\IdeaProjects\jasper-repo)
2024-12-19T21:11:23.360+05:00  INFO 10524 --- [jasper-repo] [           main] c.e.j.JasperRepoApplicationTests         : No active profile set, falling back to 1 default profile: "default"
2024-12-19T21:11:25.098+05:00  INFO 10524 --- [jasper-repo] [           main] c.e.j.JasperRepoApplicationTests         : Started JasperRepoApplicationTests in 2.301 seconds (process running for 3.71)
]]></system-out>
    <system-err><![CDATA[Mockito is currently self-attaching to enable the inline-mock-maker. This will no longer work in future releases of the JDK. Please add Mockito as an agent to your build what is described in Mockito's documentation: https://javadoc.io/doc/org.mockito/mockito-core/latest/org/mockito/Mockito.html#0.3
WARNING: A Java agent has been loaded dynamically (C:\Users\Asus\.m2\repository\net\bytebuddy\byte-buddy-agent\1.15.10\byte-buddy-agent-1.15.10.jar)
WARNING: If a serviceability tool is in use, please run with -XX:+EnableDynamicAgentLoading to hide this warning
WARNING: If a serviceability tool is not in use, please run with -Djdk.instrument.traceUsage for more information
WARNING: Dynamic loading of agents will be disallowed by default in a future release
]]></system-err>
  </testcase>
</testsuite>